[DEBUG] 2019-09-08 16:36:28.417 [main] Main - Started
[INFO ] 2019-09-08 16:36:28.497 [main] Main - Reported Duplicate Files
[INFO ] 2019-09-08 16:36:28.507 [main] Main - Time Taken by application is: 79 ms
[DEBUG] 2019-09-08 16:36:28.508 [main] Main - Stoped
[DEBUG] 2019-09-08 16:37:14.863 [main] Main - Started
[INFO ] 2019-09-08 16:37:14.884 [main] Main - Reported Duplicate Files
[INFO ] 2019-09-08 16:37:14.889 [main] Main - Time Taken by application is: 19 ms
[DEBUG] 2019-09-08 16:37:14.889 [main] Main - Stoped
[DEBUG] 2019-09-08 16:37:44.818 [main] Main - Started
[INFO ] 2019-09-08 16:37:44.858 [main] Main - Time Taken by application is: 31 ms
[DEBUG] 2019-09-08 16:37:44.858 [main] Main - Stoped
[DEBUG] 2019-09-08 16:37:51.688 [main] Main - Started
[INFO ] 2019-09-08 16:37:51.770 [main] Main - Time Taken by application is: 75 ms
[DEBUG] 2019-09-08 16:37:51.770 [main] Main - Stoped
[DEBUG] 2019-09-08 16:39:54.429 [main] Main - Started
[INFO ] 2019-09-08 16:39:54.509 [main] Main - Time Taken by application is: 73 ms
[DEBUG] 2019-09-08 16:39:54.509 [main] Main - Stoped
[DEBUG] 2019-09-08 16:39:59.804 [main] Main - Started
[INFO ] 2019-09-08 16:39:59.849 [main] Main - Time Taken by application is: 36 ms
[DEBUG] 2019-09-08 16:39:59.849 [main] Main - Stoped
[DEBUG] 2019-09-08 16:41:20.321 [main] Main - Started
[INFO ] 2019-09-08 16:41:32.308 [main] Main - Time Taken by application is: 11968 ms
[DEBUG] 2019-09-08 16:41:32.309 [main] Main - Stoped
[DEBUG] 2019-09-08 16:42:10.084 [main] Main - Started
[INFO ] 2019-09-08 16:42:10.112 [main] Main - Time Taken by application is: 20 ms
[DEBUG] 2019-09-08 16:42:10.112 [main] Main - Stoped
[DEBUG] 2019-09-08 16:54:56.661 [main] Main - Started
[INFO ] 2019-09-08 16:54:56.680 [main] Main - No Duplicate Files.
[INFO ] 2019-09-08 16:54:56.683 [main] Main - Time Taken by application is: 16 ms
[DEBUG] 2019-09-08 16:54:56.684 [main] Main - Stoped
[DEBUG] 2019-09-08 16:55:04.154 [main] Main - Started
[INFO ] 2019-09-08 16:55:04.172 [main] Main - No Duplicate Files.
[INFO ] 2019-09-08 16:55:04.178 [main] Main - Time Taken by application is: 14 ms
[DEBUG] 2019-09-08 16:55:04.178 [main] Main - Stoped
